Watching for file changes with StatReloader
Performing system checks...

System check identified some issues:

WARNINGS:
todos.Todo: (models.W042) Auto-created primary key used when not defining a primary key type, by default 'django.db.models.AutoField'.
	HINT: Configure the DEFAULT_AUTO_FIELD setting or the TodosConfig.default_auto_field attribute to point to a subclass of AutoField, e.g. 'django.db.models.BigAutoField'.

System check identified 1 issue (0 silenced).
September 29, 2023 - 19:39:46
Django version 4.2.5, using settings 'todoApp.settings'
Starting development server at http://0.0.0.0:8000/
Quit the server with CONTROL-C.

[29/Sep/2023 19:40:00] "GET /todos/ HTTP/1.1" 200 3502
[29/Sep/2023 19:40:00] "GET /static/css/style.css HTTP/1.1" 304 0
[29/Sep/2023 19:40:01] "GET /todos/ HTTP/1.1" 200 3502
[29/Sep/2023 19:40:31] "GET /todos/ HTTP/1.1" 200 3502
[29/Sep/2023 19:40:32] "GET /todos/ HTTP/1.1" 200 3502
[29/Sep/2023 19:40:34] "POST /todos/add/ HTTP/1.1" 302 0
[29/Sep/2023 19:40:35] "GET /todos/ HTTP/1.1" 200 4080
[29/Sep/2023 19:40:36] "GET /todos/24/delete HTTP/1.1" 302 0
[29/Sep/2023 19:40:36] "GET /todos/ HTTP/1.1" 200 3502
